<?xml version="1.0" encoding="UTF-8"?>
<robot generator="Robot 7.3.2 (Python 3.14.0 on win32)" generated="2025-11-07T11:56:59.025477" rpa="false" schemaversion="5">
<suite id="s1" name="Testes Basicos" source="C:\Users\abezerram\Documents\treinamento_robot\testes_basicos.robot">
<test id="s1-t1" name="Meu primeiro teste" line="7">
<kw name="New Browser" owner="Browser">
<msg time="2025-11-07T11:57:00.171348" level="INFO">{"browser": "chromium", "headless": false, "chromiumSandbox": false, "devtools": false, "handleSIGHUP": true, "handleSIGINT": true, "handleSIGTERM": true, "slowMo": 0.0, "timeout": 30000.0, "tracesDir": "C:\\Users\\abezerram\\Documents\\treinamento_robot\\browser\\traces\\temp\\6683233a-8019-4cda-b89d-efcba6d62cad"}</msg>
<msg time="2025-11-07T11:57:00.479228" level="INFO">Starting Browser process C:\Users\abezerram\AppData\Local\Programs\Python\Python314\Lib\site-packages\Browser\wrapper\index.js using at 127.0.0.1:60875</msg>
<msg time="2025-11-07T11:57:04.866055" level="INFO">Successfully created browser with options: {"browser":"chromium","headless":false,"chromiumSandbox":false,"devtools":false,"handleSIGHUP":true,"handleSIGINT":true,"handleSIGTERM":true,"slowMo":0,"timeout":30000,"tracesDir":"C:\\Users\\abezerram\\Documents\\treinamento_robot\\browser\\traces\\temp\\6683233a-8019-4cda-b89d-efcba6d62cad"}</msg>
<arg>headless=False</arg>
<tag>BrowserControl</tag>
<tag>Setter</tag>
<doc>Create a new playwright Browser with specified options.</doc>
<status status="PASS" start="2025-11-07T11:57:00.170583" elapsed="4.695679"/>
</kw>
<kw name="New Page" owner="Browser">
<msg time="2025-11-07T11:57:07.231491" level="INFO">Successfully initialized new page object and opened url: https://www.google.com</msg>
<msg time="2025-11-07T11:57:07.231600" level="INFO">No context was open. New context was automatically opened when this page is created.</msg>
<arg>url=https://www.google.com</arg>
<tag>BrowserControl</tag>
<tag>Setter</tag>
<doc>Open a new Page.</doc>
<status status="PASS" start="2025-11-07T11:57:04.866794" elapsed="2.364993"/>
</kw>
<kw name="Sleep" owner="BuiltIn">
<msg time="2025-11-07T11:57:12.233550" level="INFO">Slept 5 seconds.</msg>
<arg>5s</arg>
<doc>Pauses the test executed for the given time.</doc>
<status status="PASS" start="2025-11-07T11:57:07.232551" elapsed="5.001111"/>
</kw>
<kw name="Take Screenshot" owner="Browser">
<msg time="2025-11-07T11:57:12.410855" level="INFO" html="true">&lt;/td&gt;&lt;/tr&gt;&lt;tr&gt;&lt;td colspan="3"&gt;&lt;a href="browser/screenshot/robotframework-browser-screenshot-1.png" target="_blank"&gt;&lt;img src="browser/screenshot/robotframework-browser-screenshot-1.png" width="800px"/&gt;&lt;/a&gt;</msg>
<tag>PageContent</tag>
<doc>Takes a screenshot of the current window or element and saves it to disk.</doc>
<status status="PASS" start="2025-11-07T11:57:12.234182" elapsed="0.176805"/>
</kw>
<kw name="Close Browser" owner="Browser">
<msg time="2025-11-07T11:57:14.464479" level="INFO">Closed browser</msg>
<tag>BrowserControl</tag>
<tag>Setter</tag>
<doc>Closes the current browser.</doc>
<status status="PASS" start="2025-11-07T11:57:12.411477" elapsed="2.053270"/>
</kw>
<doc>Esse é o meu primeiro teste Robot Framework</doc>
<status status="PASS" start="2025-11-07T11:57:00.169609" elapsed="14.295819"/>
</test>
<status status="PASS" start="2025-11-07T11:56:59.077399" elapsed="15.396620"/>
</suite>
<statistics>
<total>
<stat pass="1" fail="0" skip="0">All Tests</stat>
</total>
<tag>
</tag>
<suite>
<stat name="Testes Basicos" id="s1" pass="1" fail="0" skip="0">Testes Basicos</stat>
</suite>
</statistics>
<errors>
</errors>
</robot>
